[debug] [2021-09-06T11:57:29.214Z] ----------------------------------------------------------------------
[debug] [2021-09-06T11:57:29.216Z] Command:       C:\Program Files\nodejs\node.exe C:\Users\proary\AppData\Roaming\npm\node_modules\firebase-tools\lib\bin\firebase.js init
[debug] [2021-09-06T11:57:29.216Z] CLI Version:   9.17.0
[debug] [2021-09-06T11:57:29.216Z] Platform:      win32
[debug] [2021-09-06T11:57:29.216Z] Node Version:  v14.17.6
[debug] [2021-09-06T11:57:29.230Z] Time:          Mon Sep 06 2021 21:57:29 GMT+1000 (Papua New Guinea Time)
[debug] [2021-09-06T11:57:29.230Z] ----------------------------------------------------------------------
[debug] 
[debug] [2021-09-06T11:57:29.243Z] > command requires scopes: ["email","openid","https://www.googleapis.com/auth/cloudplatformprojects.readonly","https://www.googleapis.com/auth/firebase","https://www.googleapis.com/auth/cloud-platform"]
[debug] [2021-09-06T11:57:29.243Z] > authorizing via signed-in user (peroary38@gmail.com)
[info] 
     ######## #### ########  ######## ########     ###     ######  ########
     ##        ##  ##     ## ##       ##     ##  ##   ##  ##       ##
     ######    ##  ########  ######   ########  #########  ######  ######
     ##        ##  ##    ##  ##       ##     ## ##     ##       ## ##
     ##       #### ##     ## ######## ########  ##     ##  ######  ########

You're about to initialize a Firebase project in this directory:

  C:\Users\proary\OneDrive - Divine Word University\Documents\Percy Source Codes\PercyPortfolio

[info] 
=== Project Setup
[info] 
[info] First, let's associate this project directory with a Firebase project.
[info] You can create multiple project aliases by running firebase use --add, 
[info] but for now we'll just set up a default project.
[info] 
[debug] [2021-09-06T11:59:53.788Z] >>> [apiv2][query] GET https://firebase.googleapis.com/v1beta1/projects pageSize=100
[debug] [2021-09-06T11:59:55.151Z] <<< [apiv2][status] GET https://firebase.googleapis.com/v1beta1/projects 200
[debug] [2021-09-06T11:59:55.151Z] <<< [apiv2][body] GET https://firebase.googleapis.com/v1beta1/projects [omitted]
[info] i  Using project percy-roary (Percy Roary) 
[info] 
=== Hosting Setup
[info] 
[info] Your public directory is the folder (relative to your project directory) that
[info] will contain Hosting assets to be uploaded with firebase deploy. If you
[info] have a build process for your assets, use your build's output directory.
[info] 
[info] +  Wrote Y/404.html 
[debug] [2021-09-06T12:07:00.208Z] >>> [apiv2][query] GET https://www.gstatic.com/firebasejs/releases.json [none]
[debug] [2021-09-06T12:07:00.732Z] <<< [apiv2][status] GET https://www.gstatic.com/firebasejs/releases.json 200
[debug] [2021-09-06T12:07:00.732Z] <<< [apiv2][body] GET https://www.gstatic.com/firebasejs/releases.json {"current":{"version":"9.0.1","browserURL":"https://www.gstatic.com/firebasejs/9.0.1/firebase.js","packageURL":"https://www.gstatic.com/firebasejs/9.0.1/firebase.tgz"},"live":{"version":"9.0","browserURL":"https://www.gstatic.com/firebasejs/live/9.0/firebase.js","packageURL":"https://www.gstatic.com/firebasejs/live/9.0/firebase.tgz"},"components":{"analytics":"https://www.gstatic.com/firebasejs/9.0.1/firebase-analytics.js","app":"https://www.gstatic.com/firebasejs/9.0.1/firebase-app.js","app-check":"https://www.gstatic.com/firebasejs/9.0.1/firebase-app-check.js","auth":"https://www.gstatic.com/firebasejs/9.0.1/firebase-auth.js","auth/cordova":"https://www.gstatic.com/firebasejs/9.0.1/firebase-auth/cordova.js","auth/react-native":"https://www.gstatic.com/firebasejs/9.0.1/firebase-auth/react-native.js","functions":"https://www.gstatic.com/firebasejs/9.0.1/firebase-functions.js","firestore":"https://www.gstatic.com/firebasejs/9.0.1/firebase-firestore.js","firestore/lite":"https://www.gstatic.com/firebasejs/9.0.1/firebase-firestore/lite.js","storage":"https://www.gstatic.com/firebasejs/9.0.1/firebase-storage.js","performance":"https://www.gstatic.com/firebasejs/9.0.1/firebase-performance.js","remote-config":"https://www.gstatic.com/firebasejs/9.0.1/firebase-remote-config.js","messaging":"https://www.gstatic.com/firebasejs/9.0.1/firebase-messaging.js","messaging/sw":"https://www.gstatic.com/firebasejs/9.0.1/firebase-messaging/sw.js","database":"https://www.gstatic.com/firebasejs/9.0.1/firebase-database.js","firestore.memory":"https://www.gstatic.com/firebasejs/9.0.1/firebase-firestore.memory.js"}}
[info] i  Skipping write of Y/index.html 
[info] 
[info] i  Didn't detect a .git folder. Assuming C:\Users\proary\OneDrive - Divine Word University\Documents\Percy Source Codes\PercyPortfolio is the project root. 
[info] i  Authorizing with GitHub to upload your service account to a GitHub repository's secrets store. 
[info] 
[info] Visit this URL on this device to log in:
[info] https://github.com/login/oauth/authorize?client_id=89cf50f02ac6aaed3484&state=305419598&redirect_uri=http%3A%2F%2Flocalhost%3A9005&scope=read%3Auser%20repo%20public_repo
[info] 
[info] Waiting for authentication...
[debug] [2021-09-06T12:08:52.284Z] >>> HTTP REQUEST POST https://github.com/login/oauth/access_token  
 {"client_id":"89cf50f02ac6aaed3484","client_secret":"3330d14abc895d9a74d5f17cd7a00711fa2c5bf0","code":"86b2831da4e993e071f3","redirect_uri":"http://localhost:9005","state":"305419598"}
[debug] [2021-09-06T12:08:52.811Z] <<< HTTP RESPONSE 200 {"server":"GitHub.com","date":"Mon, 06 Sep 2021 12:08:56 GMT","content-type":"application/json; charset=utf-8","transfer-encoding":"chunked","vary":"X-PJAX, X-PJAX-Container, Accept-Encoding, Accept, X-Requested-With","permissions-policy":"interest-cohort=()","etag":"W/\"37426823c899c7a52c449b724ba1f973\"","cache-control":"max-age=0, private, must-revalidate","strict-transport-security":"max-age=31536000; includeSubdomains; preload","x-frame-options":"deny","x-content-type-options":"nosniff","x-xss-protection":"0","referrer-policy":"origin-when-cross-origin, strict-origin-when-cross-origin","expect-ct":"max-age=2592000, report-uri=\"https://api.github.com/_private/browser/errors\"","content-security-policy":"default-src 'none'; base-uri 'self'; block-all-mixed-content; connect-src 'self' uploads.github.com www.githubstatus.com collector.githubapp.com api.github.com github-cloud.s3.amazonaws.com github-production-repository-file-5c1aeb.s3.amazonaws.com github-production-upload-manifest-file-7fdce7.s3.amazonaws.com github-production-user-asset-6210df.s3.amazonaws.com cdn.optimizely.com logx.optimizely.com/v1/events translator.github.com wss://alive.github.com; font-src github.githubassets.com; form-action 'self' github.com gist.github.com; frame-ancestors 'none'; frame-src render.githubusercontent.com viewscreen.githubusercontent.com; img-src 'self' data: github.githubassets.com identicons.github.com collector.githubapp.com github-cloud.s3.amazonaws.com secured-user-images.githubusercontent.com/ *.githubusercontent.com; manifest-src 'self'; media-src 'none'; script-src github.githubassets.com; style-src 'unsafe-inline' github.githubassets.com; worker-src github.com/socket-worker-7c2abeb0.js gist.github.com/socket-worker-7c2abeb0.js","x-github-request-id":"C781:4EEB:17D9:1E406:613604D8"}
[debug] [2021-09-06T12:08:52.817Z] >>> [apiv2][query] GET https://api.github.com/user [none]
[debug] [2021-09-06T12:08:53.374Z] <<< [apiv2][status] GET https://api.github.com/user 200
[debug] [2021-09-06T12:08:53.374Z] <<< [apiv2][body] GET https://api.github.com/user {"login":"Percy0873","id":57130187,"node_id":"MDQ6VXNlcjU3MTMwMTg3","avatar_url":"https://avatars.githubusercontent.com/u/57130187?v=4","gravatar_id":"","url":"https://api.github.com/users/Percy0873","html_url":"https://github.com/Percy0873","followers_url":"https://api.github.com/users/Percy0873/followers","following_url":"https://api.github.com/users/Percy0873/following{/other_user}","gists_url":"https://api.github.com/users/Percy0873/gists{/gist_id}","starred_url":"https://api.github.com/users/Percy0873/starred{/owner}{/repo}","subscriptions_url":"https://api.github.com/users/Percy0873/subscriptions","organizations_url":"https://api.github.com/users/Percy0873/orgs","repos_url":"https://api.github.com/users/Percy0873/repos","events_url":"https://api.github.com/users/Percy0873/events{/privacy}","received_events_url":"https://api.github.com/users/Percy0873/received_events","type":"User","site_admin":false,"name":null,"company":null,"blog":"","location":null,"email":null,"hireable":null,"bio":null,"twitter_username":null,"public_repos":1,"public_gists":0,"followers":0,"following":0,"created_at":"2019-10-29T07:59:53Z","updated_at":"2021-04-12T23:07:33Z","private_gists":0,"total_private_repos":0,"owned_private_repos":0,"disk_usage":179,"collaborators":0,"two_factor_authentication":false,"plan":{"name":"free","space":976562499,"collaborators":0,"private_repos":10000}}
[info] 
[info] +  Success! Logged into GitHub as Percy0873 
[info] 
[debug] [2021-09-06T12:10:17.195Z] >>> [apiv2][query] GET https://api.github.com/repos/user/actions/secrets/public-key type=owner
[debug] [2021-09-06T12:10:17.803Z] <<< [apiv2][status] GET https://api.github.com/repos/user/actions/secrets/public-key 404
[debug] [2021-09-06T12:10:17.803Z] <<< [apiv2][body] GET https://api.github.com/repos/user/actions/secrets/public-key {"message":"Not Found","documentation_url":"https://docs.github.com/rest"}
[debug] [2021-09-06T12:10:44.089Z] >>> [apiv2][query] GET https://api.github.com/repos/y/actions/secrets/public-key type=owner
[debug] [2021-09-06T12:10:44.611Z] <<< [apiv2][status] GET https://api.github.com/repos/y/actions/secrets/public-key 404
[debug] [2021-09-06T12:10:44.612Z] <<< [apiv2][body] GET https://api.github.com/repos/y/actions/secrets/public-key {"message":"Not Found","documentation_url":"https://docs.github.com/rest"}
[debug] [2021-09-06T12:11:12.849Z] >>> [apiv2][query] GET https://api.github.com/repos/Y/actions/secrets/public-key type=owner
[debug] [2021-09-06T12:11:13.400Z] <<< [apiv2][status] GET https://api.github.com/repos/Y/actions/secrets/public-key 404
[debug] [2021-09-06T12:11:13.401Z] <<< [apiv2][body] GET https://api.github.com/repos/Y/actions/secrets/public-key {"message":"Not Found","documentation_url":"https://docs.github.com/rest"}
[debug] [2021-09-06T12:11:25.808Z] >>> [apiv2][query] GET https://api.github.com/repos/repository/actions/secrets/public-key type=owner
[debug] [2021-09-06T12:11:26.427Z] <<< [apiv2][status] GET https://api.github.com/repos/repository/actions/secrets/public-key 404
[debug] [2021-09-06T12:11:26.427Z] <<< [apiv2][body] GET https://api.github.com/repos/repository/actions/secrets/public-key {"message":"Not Found","documentation_url":"https://docs.github.com/rest"}
[debug] [2021-09-06T12:16:34.918Z] >>> [apiv2][query] GET https://api.github.com/repos/Yes/actions/secrets/public-key type=owner
[debug] [2021-09-06T12:16:36.595Z] <<< [apiv2][status] GET https://api.github.com/repos/Yes/actions/secrets/public-key 404
[debug] [2021-09-06T12:16:36.595Z] <<< [apiv2][body] GET https://api.github.com/repos/Yes/actions/secrets/public-key {"message":"Not Found","documentation_url":"https://docs.github.com/rest"}
[debug] [2021-09-06T12:18:08.297Z] >>> [apiv2][query] GET https://api.github.com/repos/repositories/actions/secrets/public-key type=owner
[debug] [2021-09-06T12:18:11.320Z] <<< [apiv2][status] GET https://api.github.com/repos/repositories/actions/secrets/public-key 404
[debug] [2021-09-06T12:18:11.321Z] <<< [apiv2][body] GET https://api.github.com/repos/repositories/actions/secrets/public-key {"message":"Not Found","documentation_url":"https://docs.github.com/rest"}
[debug] [2021-09-06T12:24:17.060Z] >>> [apiv2][query] GET https://api.github.com/repos/rm -rf .git/actions/secrets/public-key type=owner
[debug] [2021-09-06T12:24:17.663Z] <<< [apiv2][status] GET https://api.github.com/repos/rm -rf .git/actions/secrets/public-key 404
[debug] [2021-09-06T12:24:17.664Z] <<< [apiv2][body] GET https://api.github.com/repos/rm -rf .git/actions/secrets/public-key {"message":"Not Found","documentation_url":"https://docs.github.com/rest"}
[debug] [2021-09-06T12:26:32.852Z] >>> [apiv2][query] GET https://api.github.com/repos/Percy0873/repository/actions/secrets/public-key type=owner
[debug] [2021-09-06T12:26:33.454Z] <<< [apiv2][status] GET https://api.github.com/repos/Percy0873/repository/actions/secrets/public-key 404
[debug] [2021-09-06T12:26:33.455Z] <<< [apiv2][body] GET https://api.github.com/repos/Percy0873/repository/actions/secrets/public-key {"message":"Not Found","documentation_url":"https://docs.github.com/rest/reference/actions#get-a-repository-public-key"}
[debug] [2021-09-06T12:26:42.137Z] >>> [apiv2][query] GET https://api.github.com/repos/repository/actions/secrets/public-key type=owner
[debug] [2021-09-06T12:26:42.652Z] <<< [apiv2][status] GET https://api.github.com/repos/repository/actions/secrets/public-key 404
[debug] [2021-09-06T12:26:42.653Z] <<< [apiv2][body] GET https://api.github.com/repos/repository/actions/secrets/public-key {"message":"Not Found","documentation_url":"https://docs.github.com/rest"}
[debug] [2021-09-06T12:27:50.571Z] >>> [apiv2][query] GET https://api.github.com/repos/repository/actions/secrets/public-key type=owner
[debug] [2021-09-06T12:27:51.182Z] <<< [apiv2][status] GET https://api.github.com/repos/repository/actions/secrets/public-key 404
[debug] [2021-09-06T12:27:51.183Z] <<< [apiv2][body] GET https://api.github.com/repos/repository/actions/secrets/public-key {"message":"Not Found","documentation_url":"https://docs.github.com/rest"}
[debug] [2021-09-06T12:31:14.304Z] >>> [apiv2][query] GET https://api.github.com/repos/AutoNote/actions/secrets/public-key type=owner
[debug] [2021-09-06T12:31:14.928Z] <<< [apiv2][status] GET https://api.github.com/repos/AutoNote/actions/secrets/public-key 404
[debug] [2021-09-06T12:31:14.928Z] <<< [apiv2][body] GET https://api.github.com/repos/AutoNote/actions/secrets/public-key {"message":"Not Found","documentation_url":"https://docs.github.com/rest"}
[debug] [2021-09-06T12:31:47.127Z] >>> [apiv2][query] GET https://api.github.com/repos/user/actions/secrets/public-key type=owner
[debug] [2021-09-06T12:31:47.652Z] <<< [apiv2][status] GET https://api.github.com/repos/user/actions/secrets/public-key 404
[debug] [2021-09-06T12:31:47.652Z] <<< [apiv2][body] GET https://api.github.com/repos/user/actions/secrets/public-key {"message":"Not Found","documentation_url":"https://docs.github.com/rest"}
