[debug] [2021-09-06T11:57:29.214Z] ----------------------------------------------------------------------
[debug] [2021-09-06T11:57:29.216Z] Command:       C:\Program Files\nodejs\node.exe C:\Users\proary\AppData\Roaming\npm\node_modules\firebase-tools\lib\bin\firebase.js init
[debug] [2021-09-06T11:57:29.216Z] CLI Version:   9.17.0
[debug] [2021-09-06T11:57:29.216Z] Platform:      win32
[debug] [2021-09-06T11:57:29.216Z] Node Version:  v14.17.6
[debug] [2021-09-06T11:57:29.230Z] Time:          Mon Sep 06 2021 21:57:29 GMT+1000 (Papua New Guinea Time)
[debug] [2021-09-06T11:57:29.230Z] ----------------------------------------------------------------------
[debug] 
[debug] [2021-09-06T11:57:29.243Z] > command requires scopes: ["email","openid","https://www.googleapis.com/auth/cloudplatformprojects.readonly","https://www.googleapis.com/auth/firebase","https://www.googleapis.com/auth/cloud-platform"]
[debug] [2021-09-06T11:57:29.243Z] > authorizing via signed-in user (peroary38@gmail.com)
[info] 
     ######## #### ########  ######## ########     ###     ######  ########
     ##        ##  ##     ## ##       ##     ##  ##   ##  ##       ##
     ######    ##  ########  ######   ########  #########  ######  ######
     ##        ##  ##    ##  ##       ##     ## ##     ##       ## ##
     ##       #### ##     ## ######## ########  ##     ##  ######  ########

You're about to initialize a Firebase project in this directory:

  C:\Users\proary\OneDrive - Divine Word University\Documents\Percy Source Codes\PercyPortfolio

[info] 
=== Project Setup
[info] 
[info] First, let's associate this project directory with a Firebase project.
[info] You can create multiple project aliases by running firebase use --add, 
[info] but for now we'll just set up a default project.
[info] 
[debug] [2021-09-06T11:59:53.788Z] >>> [apiv2][query] GET https://firebase.googleapis.com/v1beta1/projects pageSize=100
[debug] [2021-09-06T11:59:55.151Z] <<< [apiv2][status] GET https://firebase.googleapis.com/v1beta1/projects 200
[debug] [2021-09-06T11:59:55.151Z] <<< [apiv2][body] GET https://firebase.googleapis.com/v1beta1/projects [omitted]
[info] i  Using project percy-roary (Percy Roary) 
[info] 
=== Hosting Setup
[info] 
[info] Your public directory is the folder (relative to your project directory) that
[info] will contain Hosting assets to be uploaded with firebase deploy. If you
[info] have a build process for your assets, use your build's output directory.
[info] 
